/*C6*/SET SCHEMA PUBLIC
CREATE TABLE IF NOT EXISTS AL_CONFIGURATION ( PROPERTY_NAME VARCHAR(255) NOT NULL UNIQUE , PROPERTY_VALUE LONGVARCHAR ) 
CREATE TABLE IF NOT EXISTS AL_GROUPS ( GROUP_NAME VARCHAR(255) NOT NULL PRIMARY KEY , DESCRIPTION LONGVARCHAR ) 
CREATE TABLE IF NOT EXISTS AL_TABLES ( TABLE_NAME VARCHAR(255) NOT NULL PRIMARY KEY , GROUP_NAME VARCHAR(255) , DESCRIPTION LONGVARCHAR ) 
CREATE TABLE IF NOT EXISTS AL_CUSTOM_TYPE ( TABLE_NAME VARCHAR(255) , COLUMN_NAME VARCHAR(255) , TYPE VARCHAR(255) , NAME VARCHAR(255) ) 
CREATE TABLE IF NOT EXISTS AL_VIEWS ( VIEW_NAME VARCHAR(255) NOT NULL UNIQUE , VIEW_DEFINITION LONGVARCHAR , IS_VALID BOOLEAN ) 
CREATE TABLE IF NOT EXISTS AL_SELECTED_LOG_OBJECTS ( NAME VARCHAR(255) NOT NULL UNIQUE , TYPE VARCHAR(255) ) 
CREATE TABLE IF NOT EXISTS AL_DB_OBJECTS ( NAME VARCHAR(255) NOT NULL UNIQUE , TYPE VARCHAR(255) , USAGE VARCHAR(255) ) 
/*C7*/SET SCHEMA PUBLIC
DELETE FROM PASSANGERS_TABLE WHERE AL_ID=480
DELETE FROM PASSANGERS_TABLE WHERE AL_ID=481
DELETE FROM PASSANGERS_TABLE WHERE AL_ID=482
DELETE FROM PASSANGERS_TABLE WHERE AL_ID=483
DELETE FROM PASSANGERS_TABLE WHERE AL_ID=484
DELETE FROM PASSANGERS_TABLE WHERE AL_ID=485
DELETE FROM PASSANGERS_TABLE WHERE AL_ID=486
DELETE FROM PASSANGERS_TABLE WHERE AL_ID=487
DELETE FROM PASSANGERS_TABLE WHERE AL_ID=488
DELETE FROM PASSANGERS_TABLE WHERE AL_ID=489
DELETE FROM PASSANGERS_TABLE WHERE AL_ID=490
DELETE FROM PASSANGERS_TABLE WHERE AL_ID=491
DELETE FROM PASSANGERS_TABLE WHERE AL_ID=492
DELETE FROM PASSANGERS_TABLE WHERE AL_ID=493
DELETE FROM PASSANGERS_TABLE WHERE AL_ID=494
DELETE FROM PASSANGERS_TABLE WHERE AL_ID=495
DELETE FROM PASSANGERS_TABLE WHERE AL_ID=496
DELETE FROM PASSANGERS_TABLE WHERE AL_ID=497
DELETE FROM PASSANGERS_TABLE WHERE AL_ID=498
DELETE FROM PASSANGERS_TABLE WHERE AL_ID=499
DELETE FROM PASSANGERS_TABLE WHERE AL_ID=500
DELETE FROM PASSANGERS_TABLE WHERE AL_ID=501
DELETE FROM PASSANGERS_TABLE WHERE AL_ID=502
DELETE FROM PASSANGERS_TABLE WHERE AL_ID=503
DELETE FROM PASSANGERS_TABLE WHERE AL_ID=504
DELETE FROM PASSANGERS_TABLE WHERE AL_ID=505
DELETE FROM PASSANGERS_TABLE WHERE AL_ID=506
DELETE FROM PASSANGERS_TABLE WHERE AL_ID=507
DELETE FROM PASSANGERS_TABLE WHERE AL_ID=508
DELETE FROM PASSANGERS_TABLE WHERE AL_ID=509
DELETE FROM PASSANGERS_TABLE WHERE AL_ID=510
DELETE FROM PASSANGERS_TABLE WHERE AL_ID=511
DELETE FROM PASSANGERS_TABLE WHERE AL_ID=512
DELETE FROM PASSANGERS_TABLE WHERE AL_ID=513
DELETE FROM PASSANGERS_TABLE WHERE AL_ID=514
DELETE FROM PASSANGERS_TABLE WHERE AL_ID=515
DELETE FROM PASSANGERS_TABLE WHERE AL_ID=516
DELETE FROM PASSANGERS_TABLE WHERE AL_ID=517
DELETE FROM PASSANGERS_TABLE WHERE AL_ID=518
DELETE FROM PASSANGERS_TABLE WHERE AL_ID=519
DELETE FROM PASSANGERS_TABLE WHERE AL_ID=520
DELETE FROM PASSANGERS_TABLE WHERE AL_ID=521
DELETE FROM PASSANGERS_TABLE WHERE AL_ID=522
DELETE FROM PASSANGERS_TABLE WHERE AL_ID=523
DELETE FROM PASSANGERS_TABLE WHERE AL_ID=524
DELETE FROM PASSANGERS_TABLE WHERE AL_ID=525
DELETE FROM PASSANGERS_TABLE WHERE AL_ID=526
DELETE FROM PASSANGERS_TABLE WHERE AL_ID=527
DELETE FROM PASSANGERS_TABLE WHERE AL_ID=528
DELETE FROM PASSANGERS_TABLE WHERE AL_ID=529
DELETE FROM PASSANGERS_TABLE WHERE AL_ID=530
DELETE FROM PASSANGERS_TABLE WHERE AL_ID=531
DELETE FROM PASSANGERS_TABLE WHERE AL_ID=532
DELETE FROM PASSANGERS_TABLE WHERE AL_ID=533
DELETE FROM PASSANGERS_TABLE WHERE AL_ID=534
DELETE FROM PASSANGERS_TABLE WHERE AL_ID=535
DELETE FROM PASSANGERS_TABLE WHERE AL_ID=536
DELETE FROM PASSANGERS_TABLE WHERE AL_ID=537
DELETE FROM PASSANGERS_TABLE WHERE AL_ID=538
DELETE FROM PASSANGERS_TABLE WHERE AL_ID=539
DELETE FROM PASSANGERS_TABLE WHERE AL_ID=540
DELETE FROM PASSANGERS_TABLE WHERE AL_ID=541
DELETE FROM PASSANGERS_TABLE WHERE AL_ID=542
DELETE FROM PASSANGERS_TABLE WHERE AL_ID=543
DELETE FROM PASSANGERS_TABLE WHERE AL_ID=544
DELETE FROM PASSANGERS_TABLE WHERE AL_ID=545
DELETE FROM PASSANGERS_TABLE WHERE AL_ID=546
DELETE FROM PASSANGERS_TABLE WHERE AL_ID=547
DELETE FROM PASSANGERS_TABLE WHERE AL_ID=548
DELETE FROM PASSANGERS_TABLE WHERE AL_ID=549
DELETE FROM PASSANGERS_TABLE WHERE AL_ID=550
DELETE FROM PASSANGERS_TABLE WHERE AL_ID=551
DELETE FROM PASSANGERS_TABLE WHERE AL_ID=552
DELETE FROM PASSANGERS_TABLE WHERE AL_ID=553
DELETE FROM PASSANGERS_TABLE WHERE AL_ID=554
DELETE FROM PASSANGERS_TABLE WHERE AL_ID=555
DELETE FROM PASSANGERS_TABLE WHERE AL_ID=556
DELETE FROM PASSANGERS_TABLE WHERE AL_ID=557
DELETE FROM PASSANGERS_TABLE WHERE AL_ID=558
DELETE FROM PASSANGERS_TABLE WHERE AL_ID=559
DELETE FROM PASSANGERS_TABLE WHERE AL_ID=560
DELETE FROM PASSANGERS_TABLE WHERE AL_ID=561
DELETE FROM PASSANGERS_TABLE WHERE AL_ID=562
DELETE FROM PASSANGERS_TABLE WHERE AL_ID=563
DELETE FROM PASSANGERS_TABLE WHERE AL_ID=564
DELETE FROM PASSANGERS_TABLE WHERE AL_ID=565
DELETE FROM PASSANGERS_TABLE WHERE AL_ID=566
DELETE FROM PASSANGERS_TABLE WHERE AL_ID=567
DELETE FROM PASSANGERS_TABLE WHERE AL_ID=568
DELETE FROM PASSANGERS_TABLE WHERE AL_ID=569
DELETE FROM PASSANGERS_TABLE WHERE AL_ID=570
DELETE FROM PASSANGERS_TABLE WHERE AL_ID=571
DELETE FROM PASSANGERS_TABLE WHERE AL_ID=572
DELETE FROM PASSANGERS_TABLE WHERE AL_ID=573
DELETE FROM PASSANGERS_TABLE WHERE AL_ID=574
DELETE FROM PASSANGERS_TABLE WHERE AL_ID=575
DELETE FROM PASSANGERS_TABLE WHERE AL_ID=576
DELETE FROM PASSANGERS_TABLE WHERE AL_ID=577
DELETE FROM PASSANGERS_TABLE WHERE AL_ID=578
DELETE FROM PASSANGERS_TABLE WHERE AL_ID=579
DELETE FROM PASSANGERS_TABLE WHERE AL_ID=580
DELETE FROM PASSANGERS_TABLE WHERE AL_ID=581
DELETE FROM PASSANGERS_TABLE WHERE AL_ID=582
DELETE FROM PASSANGERS_TABLE WHERE AL_ID=583
DELETE FROM PASSANGERS_TABLE WHERE AL_ID=584
DELETE FROM PASSANGERS_TABLE WHERE AL_ID=585
DELETE FROM PASSANGERS_TABLE WHERE AL_ID=586
DELETE FROM PASSANGERS_TABLE WHERE AL_ID=587
DELETE FROM PASSANGERS_TABLE WHERE AL_ID=588
DELETE FROM PASSANGERS_TABLE WHERE AL_ID=589
DELETE FROM PASSANGERS_TABLE WHERE AL_ID=590
DELETE FROM PASSANGERS_TABLE WHERE AL_ID=591
DELETE FROM PASSANGERS_TABLE WHERE AL_ID=592
DELETE FROM PASSANGERS_TABLE WHERE AL_ID=593
DELETE FROM PASSANGERS_TABLE WHERE AL_ID=594
DELETE FROM PASSANGERS_TABLE WHERE AL_ID=595
DELETE FROM PASSANGERS_TABLE WHERE AL_ID=596
DELETE FROM PASSANGERS_TABLE WHERE AL_ID=597
DELETE FROM PASSANGERS_TABLE WHERE AL_ID=598
DELETE FROM PASSANGERS_TABLE WHERE AL_ID=599
INSERT INTO PASSANGERS_TABLE VALUES(600,1,'seat1A','Special_Need',1,FALSE,'red',1,1,1,'window')
INSERT INTO PASSANGERS_TABLE VALUES(601,2,'seat1B','Special_Need',1,FALSE,'red',1,1,1,'middle')
INSERT INTO PASSANGERS_TABLE VALUES(602,3,'seat1C','Special_Need',1,FALSE,'red',1,1,1,'aisle')
INSERT INTO PASSANGERS_TABLE VALUES(603,4,'seat1D','Special_Need',1,FALSE,'red',1,2,2,'aisle')
INSERT INTO PASSANGERS_TABLE VALUES(604,5,'seat1E','Special_Need',1,FALSE,'red',1,2,2,'middle')
INSERT INTO PASSANGERS_TABLE VALUES(605,6,'seat1F','Special_Need',1,FALSE,'red',1,2,2,'window')
INSERT INTO PASSANGERS_TABLE VALUES(606,7,'seat2A','First_Class',2,FALSE,'gold',2,3,1,'window')
INSERT INTO PASSANGERS_TABLE VALUES(607,8,'seat2B','First_Class',2,FALSE,'gold',0,3,1,'middle')
INSERT INTO PASSANGERS_TABLE VALUES(608,9,'seat2C','First_Class',2,FALSE,'gold',1,3,1,'aisle')
INSERT INTO PASSANGERS_TABLE VALUES(609,10,'seat2D','First_Class',2,FALSE,'gold',2,4,2,'aisle')
INSERT INTO PASSANGERS_TABLE VALUES(610,11,'seat2E','First_Class',2,FALSE,'gold',1,4,2,'middle')
INSERT INTO PASSANGERS_TABLE VALUES(611,12,'seat2F','First_Class',2,FALSE,'gold',0,4,2,'window')
INSERT INTO PASSANGERS_TABLE VALUES(612,13,'seat3A','First_Class',2,FALSE,'gold',2,5,1,'window')
INSERT INTO PASSANGERS_TABLE VALUES(613,14,'seat3B','First_Class',2,FALSE,'gold',1,5,1,'middle')
INSERT INTO PASSANGERS_TABLE VALUES(614,15,'seat3C','First_Class',2,FALSE,'gold',1,5,1,'aisle')
INSERT INTO PASSANGERS_TABLE VALUES(615,16,'seat3D','First_Class',2,FALSE,'gold',2,6,2,'aisle')
INSERT INTO PASSANGERS_TABLE VALUES(616,17,'seat3E','First_Class',2,FALSE,'gold',1,6,2,'middle')
INSERT INTO PASSANGERS_TABLE VALUES(617,18,'seat3F','First_Class',2,FALSE,'gold',1,6,2,'window')
INSERT INTO PASSANGERS_TABLE VALUES(618,19,'seat4A','First_Class',2,FALSE,'gold',2,7,3,'window')
INSERT INTO PASSANGERS_TABLE VALUES(619,20,'seat4B','First_Class',2,FALSE,'gold',1,7,3,'middle')
INSERT INTO PASSANGERS_TABLE VALUES(620,21,'seat4C','First_Class',2,FALSE,'gold',1,7,3,'aisle')
INSERT INTO PASSANGERS_TABLE VALUES(621,22,'seat4D','First_Class',2,FALSE,'gold',2,8,4,'aisle')
INSERT INTO PASSANGERS_TABLE VALUES(622,23,'seat4E','First_Class',2,FALSE,'gold',0,8,4,'middle')
INSERT INTO PASSANGERS_TABLE VALUES(623,24,'seat4F','First_Class',2,FALSE,'gold',1,8,4,'window')
INSERT INTO PASSANGERS_TABLE VALUES(624,25,'seat5A','First_Class',2,FALSE,'gold',1,9,3,'window')
INSERT INTO PASSANGERS_TABLE VALUES(625,26,'seat5B','First_Class',2,FALSE,'gold',2,9,3,'middle')
INSERT INTO PASSANGERS_TABLE VALUES(626,27,'seat5C','First_Class',2,FALSE,'gold',1,9,3,'aisle')
INSERT INTO PASSANGERS_TABLE VALUES(627,28,'seat5D','First_Class',2,FALSE,'gold',0,10,4,'aisle')
INSERT INTO PASSANGERS_TABLE VALUES(628,29,'seat5E','First_Class',2,FALSE,'gold',1,10,4,'middle')
INSERT INTO PASSANGERS_TABLE VALUES(629,30,'seat5F','First_Class',2,FALSE,'gold',1,10,4,'window')
INSERT INTO PASSANGERS_TABLE VALUES(630,31,'seat6A','Economy_Class',4,FALSE,'maroon',1,11,3,'window')
INSERT INTO PASSANGERS_TABLE VALUES(631,32,'seat6B','Economy_Class',4,FALSE,'maroon',2,11,3,'middle')
INSERT INTO PASSANGERS_TABLE VALUES(632,33,'seat6C','Economy_Class',4,FALSE,'maroon',1,11,3,'aisle')
INSERT INTO PASSANGERS_TABLE VALUES(633,34,'seat6D','Economy_Class',2,TRUE,'maroon',1,12,4,'aisle')
INSERT INTO PASSANGERS_TABLE VALUES(634,35,'seat6E','Economy_Class',4,FALSE,'maroon',1,12,4,'middle')
INSERT INTO PASSANGERS_TABLE VALUES(635,36,'seat6F','Economy_Class',4,FALSE,'maroon',1,12,4,'window')
INSERT INTO PASSANGERS_TABLE VALUES(636,37,'seat7A','Economy_Class',2,TRUE,'maroon',1,13,5,'window')
INSERT INTO PASSANGERS_TABLE VALUES(637,38,'seat7B','Economy_Class',4,FALSE,'maroon',0,13,5,'middle')
INSERT INTO PASSANGERS_TABLE VALUES(638,39,'seat7C','Economy_Class',2,TRUE,'maroon',1,13,5,'aisle')
INSERT INTO PASSANGERS_TABLE VALUES(639,40,'seat7D','Economy_Class',2,TRUE,'maroon',1,14,6,'aisle')
INSERT INTO PASSANGERS_TABLE VALUES(640,41,'seat7E','Economy_Class',4,FALSE,'maroon',1,14,6,'middle')
INSERT INTO PASSANGERS_TABLE VALUES(641,42,'seat7F','Economy_Class',4,FALSE,'maroon',2,14,6,'window')
INSERT INTO PASSANGERS_TABLE VALUES(642,43,'seat8A','Economy_Class',4,FALSE,'maroon',1,15,5,'window')
INSERT INTO PASSANGERS_TABLE VALUES(643,44,'seat8B','Economy_Class',4,FALSE,'maroon',1,15,5,'middle')
INSERT INTO PASSANGERS_TABLE VALUES(644,45,'seat8C','Economy_Class',4,FALSE,'maroon',2,15,5,'aisle')
INSERT INTO PASSANGERS_TABLE VALUES(645,46,'seat8D','Economy_Class',4,FALSE,'maroon',1,16,6,'aisle')
INSERT INTO PASSANGERS_TABLE VALUES(646,47,'seat8E','Economy_Class',2,TRUE,'maroon',1,16,6,'middle')
INSERT INTO PASSANGERS_TABLE VALUES(647,48,'seat8F','Economy_Class',4,FALSE,'maroon',1,16,6,'window')
INSERT INTO PASSANGERS_TABLE VALUES(648,49,'seat9A','Economy_Class',4,FALSE,'maroon',0,17,5,'window')
INSERT INTO PASSANGERS_TABLE VALUES(649,50,'seat9B','Economy_Class',4,FALSE,'maroon',1,17,5,'middle')
INSERT INTO PASSANGERS_TABLE VALUES(650,51,'seat9C','Economy_Class',4,FALSE,'maroon',1,17,5,'aisle')
INSERT INTO PASSANGERS_TABLE VALUES(651,52,'seat9D','Economy_Class',4,FALSE,'maroon',1,18,6,'aisle')
INSERT INTO PASSANGERS_TABLE VALUES(652,53,'seat9E','Economy_Class',4,FALSE,'maroon',1,18,6,'middle')
INSERT INTO PASSANGERS_TABLE VALUES(653,54,'seat9F','Economy_Class',4,FALSE,'maroon',1,18,6,'window')
INSERT INTO PASSANGERS_TABLE VALUES(654,55,'seat10A','Economy_Class',4,FALSE,'maroon',2,19,7,'window')
INSERT INTO PASSANGERS_TABLE VALUES(655,56,'seat10B','Economy_Class',4,FALSE,'maroon',1,19,7,'middle')
INSERT INTO PASSANGERS_TABLE VALUES(656,57,'seat10C','Economy_Class',4,FALSE,'maroon',1,19,7,'aisle')
INSERT INTO PASSANGERS_TABLE VALUES(657,58,'seat10D','Economy_Class',4,FALSE,'maroon',1,20,8,'aisle')
INSERT INTO PASSANGERS_TABLE VALUES(658,59,'seat10E','Economy_Class',4,FALSE,'maroon',1,20,8,'middle')
INSERT INTO PASSANGERS_TABLE VALUES(659,60,'seat10F','Economy_Class',4,FALSE,'maroon',2,20,8,'window')
INSERT INTO PASSANGERS_TABLE VALUES(660,61,'seat11A','Economy_Class',4,FALSE,'maroon',1,21,7,'window')
INSERT INTO PASSANGERS_TABLE VALUES(661,62,'seat11B','Economy_Class',4,FALSE,'maroon',1,21,7,'middle')
INSERT INTO PASSANGERS_TABLE VALUES(662,63,'seat11C','Economy_Class',4,FALSE,'maroon',1,21,7,'aisle')
INSERT INTO PASSANGERS_TABLE VALUES(663,64,'seat11D','Economy_Class',4,FALSE,'maroon',0,22,8,'aisle')
INSERT INTO PASSANGERS_TABLE VALUES(664,65,'seat11E','Economy_Class',4,FALSE,'maroon',0,22,8,'middle')
INSERT INTO PASSANGERS_TABLE VALUES(665,66,'seat11F','Economy_Class',4,FALSE,'maroon',1,22,8,'window')
INSERT INTO PASSANGERS_TABLE VALUES(666,67,'seat12A','Economy_Class',3,FALSE,'peru',1,23,7,'window')
INSERT INTO PASSANGERS_TABLE VALUES(667,68,'seat12B','Economy_Class',3,FALSE,'peru',1,23,7,'middle')
INSERT INTO PASSANGERS_TABLE VALUES(668,69,'seat12C','Economy_Class',3,FALSE,'peru',2,23,7,'aisle')
INSERT INTO PASSANGERS_TABLE VALUES(669,70,'seat12D','Economy_Class',3,FALSE,'peru',1,24,8,'aisle')
INSERT INTO PASSANGERS_TABLE VALUES(670,71,'seat12E','Economy_Class',3,FALSE,'peru',1,24,8,'middle')
INSERT INTO PASSANGERS_TABLE VALUES(671,72,'seat12F','Economy_Class',3,FALSE,'peru',1,24,8,'window')
INSERT INTO PASSANGERS_TABLE VALUES(672,73,'seat13A','Economy_Class',3,FALSE,'peru',1,25,9,'window')
INSERT INTO PASSANGERS_TABLE VALUES(673,74,'seat13B','Economy_Class',3,FALSE,'peru',1,25,9,'middle')
INSERT INTO PASSANGERS_TABLE VALUES(674,75,'seat13C','Economy_Class',3,FALSE,'peru',1,25,9,'aisle')
INSERT INTO PASSANGERS_TABLE VALUES(675,76,'seat13D','Economy_Class',3,FALSE,'peru',2,26,10,'aisle')
INSERT INTO PASSANGERS_TABLE VALUES(676,77,'seat13E','Economy_Class',3,FALSE,'peru',1,26,10,'middle')
INSERT INTO PASSANGERS_TABLE VALUES(677,78,'seat13F','Economy_Class',3,FALSE,'peru',1,26,10,'window')
INSERT INTO PASSANGERS_TABLE VALUES(678,79,'seat14A','Economy_Class',3,FALSE,'peru',0,27,9,'window')
INSERT INTO PASSANGERS_TABLE VALUES(679,80,'seat14B','Economy_Class',3,FALSE,'peru',1,27,9,'middle')
INSERT INTO PASSANGERS_TABLE VALUES(680,81,'seat14C','Economy_Class',3,FALSE,'peru',1,27,9,'aisle')
INSERT INTO PASSANGERS_TABLE VALUES(681,82,'seat14D','Economy_Class',3,FALSE,'peru',1,28,10,'aisle')
INSERT INTO PASSANGERS_TABLE VALUES(682,83,'seat14E','Economy_Class',3,FALSE,'peru',1,28,10,'middle')
INSERT INTO PASSANGERS_TABLE VALUES(683,84,'seat14F','Economy_Class',3,FALSE,'peru',2,28,10,'window')
INSERT INTO PASSANGERS_TABLE VALUES(684,85,'seat15A','Economy_Class',3,FALSE,'peru',1,29,9,'window')
INSERT INTO PASSANGERS_TABLE VALUES(685,86,'seat15B','Economy_Class',3,FALSE,'peru',1,29,9,'middle')
INSERT INTO PASSANGERS_TABLE VALUES(686,87,'seat15C','Economy_Class',3,FALSE,'peru',1,29,9,'aisle')
INSERT INTO PASSANGERS_TABLE VALUES(687,88,'seat15D','Economy_Class',3,FALSE,'peru',1,30,10,'aisle')
INSERT INTO PASSANGERS_TABLE VALUES(688,89,'seat15E','Economy_Class',3,FALSE,'peru',2,30,10,'middle')
INSERT INTO PASSANGERS_TABLE VALUES(689,90,'seat15F','Economy_Class',3,FALSE,'peru',1,30,10,'window')
INSERT INTO PASSANGERS_TABLE VALUES(690,91,'seat16A','Economy_Class',3,FALSE,'peru',1,31,11,'window')
INSERT INTO PASSANGERS_TABLE VALUES(691,92,'seat16B','Economy_Class',3,FALSE,'peru',1,31,11,'middle')
INSERT INTO PASSANGERS_TABLE VALUES(692,93,'seat16C','Economy_Class',3,FALSE,'peru',1,31,11,'aisle')
INSERT INTO PASSANGERS_TABLE VALUES(693,94,'seat16D','Economy_Class',3,FALSE,'peru',1,32,12,'aisle')
INSERT INTO PASSANGERS_TABLE VALUES(694,95,'seat16E','Economy_Class',3,FALSE,'peru',1,32,12,'middle')
INSERT INTO PASSANGERS_TABLE VALUES(695,96,'seat16F','Economy_Class',3,FALSE,'peru',2,32,12,'window')
INSERT INTO PASSANGERS_TABLE VALUES(696,97,'seat17A','Economy_Class',3,FALSE,'peru',1,33,11,'window')
INSERT INTO PASSANGERS_TABLE VALUES(697,98,'seat17B','Economy_Class',3,FALSE,'peru',0,33,11,'middle')
INSERT INTO PASSANGERS_TABLE VALUES(698,99,'seat17C','Economy_Class',3,FALSE,'peru',0,33,11,'aisle')
INSERT INTO PASSANGERS_TABLE VALUES(699,100,'seat17D','Economy_Class',3,FALSE,'peru',1,34,12,'aisle')
INSERT INTO PASSANGERS_TABLE VALUES(700,101,'seat17E','Economy_Class',3,FALSE,'peru',1,34,12,'middle')
INSERT INTO PASSANGERS_TABLE VALUES(701,102,'seat17F','Economy_Class',3,FALSE,'peru',1,34,12,'window')
INSERT INTO PASSANGERS_TABLE VALUES(702,103,'seat18A','Economy_Class',3,FALSE,'peru',1,35,11,'window')
INSERT INTO PASSANGERS_TABLE VALUES(703,104,'seat18B','Economy_Class',3,FALSE,'peru',1,35,11,'middle')
INSERT INTO PASSANGERS_TABLE VALUES(704,105,'seat18C','Economy_Class',3,FALSE,'peru',2,35,11,'aisle')
INSERT INTO PASSANGERS_TABLE VALUES(705,106,'seat18D','Economy_Class',3,FALSE,'peru',1,36,12,'aisle')
INSERT INTO PASSANGERS_TABLE VALUES(706,107,'seat18E','Economy_Class',2,TRUE,'peru',2,36,12,'middle')
INSERT INTO PASSANGERS_TABLE VALUES(707,108,'seat18F','Economy_Class',3,FALSE,'peru',1,36,12,'window')
INSERT INTO PASSANGERS_TABLE VALUES(708,109,'seat19A','Economy_Class',3,FALSE,'peru',1,37,13,'window')
INSERT INTO PASSANGERS_TABLE VALUES(709,110,'seat19B','Economy_Class',3,FALSE,'peru',0,37,13,'middle')
INSERT INTO PASSANGERS_TABLE VALUES(710,111,'seat19C','Economy_Class',3,FALSE,'peru',0,37,13,'aisle')
INSERT INTO PASSANGERS_TABLE VALUES(711,112,'seat19D','Economy_Class',3,FALSE,'peru',1,38,14,'aisle')
INSERT INTO PASSANGERS_TABLE VALUES(712,113,'seat19E','Economy_Class',3,FALSE,'peru',1,38,14,'middle')
INSERT INTO PASSANGERS_TABLE VALUES(713,114,'seat19F','Economy_Class',3,FALSE,'peru',2,38,14,'window')
INSERT INTO PASSANGERS_TABLE VALUES(714,115,'seat20A','Economy_Class',2,TRUE,'peru',1,39,13,'window')
INSERT INTO PASSANGERS_TABLE VALUES(715,116,'seat20B','Economy_Class',3,FALSE,'peru',1,39,13,'middle')
INSERT INTO PASSANGERS_TABLE VALUES(716,117,'seat20C','Economy_Class',3,FALSE,'peru',1,39,13,'aisle')
INSERT INTO PASSANGERS_TABLE VALUES(717,118,'seat20D','Economy_Class',3,FALSE,'peru',2,40,14,'aisle')
INSERT INTO PASSANGERS_TABLE VALUES(718,119,'seat20E','Economy_Class',3,FALSE,'peru',1,40,14,'middle')
INSERT INTO PASSANGERS_TABLE VALUES(719,120,'seat20F','Economy_Class',3,FALSE,'peru',1,40,14,'window')
COMMIT
DISCONNECT
